<?xml version="1.0" encoding="UTF-8"?>
<testsuites>
    <testsuite name=";logginig-in-//skaffa-ett-nytt(lyckas)" tests="7" failures="0" skipped="0">
        <properties>
            <property name="URI" value="C:/Users/Lenovo/Desktop/EC/New folder/Bank-master/features/Clients.feature">
            </property>
        </properties>
        <testcase name="Given That there is a bank application browser" classname=";logginig-in-//skaffa-ett-nytt(lyckas)" time="0.0025839">
        </testcase>
        <testcase name="And I have a account as a client" classname=";logginig-in-//skaffa-ett-nytt(lyckas)" time="0.000217">
        </testcase>
        <testcase name="When I log in with my informations" classname=";logginig-in-//skaffa-ett-nytt(lyckas)" time="8.509949701">
        </testcase>
        <testcase name="When am logged in as Mohammed" classname=";logginig-in-//skaffa-ett-nytt(lyckas)" time="1.992215099">
        </testcase>
        <testcase name="And i click on Mina konto" classname=";logginig-in-//skaffa-ett-nytt(lyckas)" time="1.1231955">
        </testcase>
        <testcase name="And chose to create a new account with the name SparingKonto" classname=";logginig-in-//skaffa-ett-nytt(lyckas)" time="2.4349834">
        </testcase>
        <testcase name="Then i should be able to see my 2 accounts" classname=";logginig-in-//skaffa-ett-nytt(lyckas)" time="3.081037901">
        </testcase>
    </testsuite>
    <testsuite name=";puting-in-10k-in-my-lönekonto-//sätta-in-pengar(lyckas)" tests="8" failures="0" skipped="0">
        <properties>
            <property name="URI" value="C:/Users/Lenovo/Desktop/EC/New folder/Bank-master/features/Clients.feature">
            </property>
        </properties>
        <testcase name="Given That there is a bank application browser" classname=";puting-in-10k-in-my-lönekonto-//sätta-in-pengar(lyckas)" time="0.0001667">
        </testcase>
        <testcase name="And I have a account as a client" classname=";puting-in-10k-in-my-lönekonto-//sätta-in-pengar(lyckas)" time="0.0000678">
        </testcase>
        <testcase name="When I log in with my informations" classname=";puting-in-10k-in-my-lönekonto-//sätta-in-pengar(lyckas)" time="8.6026357">
        </testcase>
        <testcase name="When i surf to the simulating page" classname=";puting-in-10k-in-my-lönekonto-//sätta-in-pengar(lyckas)" time="1.0901317">
        </testcase>
        <testcase name="And i enter the right sum" classname=";puting-in-10k-in-my-lönekonto-//sätta-in-pengar(lyckas)" time="2.9530374">
        </testcase>
        <testcase name="And chose Isättning" classname=";puting-in-10k-in-my-lönekonto-//sätta-in-pengar(lyckas)" time="0.0163478">
        </testcase>
        <testcase name="And submited my transaction" classname=";puting-in-10k-in-my-lönekonto-//sätta-in-pengar(lyckas)" time="0.0005315">
        </testcase>
        <testcase name="Then when on the Start page i can see the new balance of my account" classname=";puting-in-10k-in-my-lönekonto-//sätta-in-pengar(lyckas)" time="3.1558697">
        </testcase>
    </testsuite>
    <testsuite name=";transfering-money-from-one-of-my-accounts-to-an-other-//överforing(lyckas)" tests="9" failures="0" skipped="0">
        <properties>
            <property name="URI" value="C:/Users/Lenovo/Desktop/EC/New folder/Bank-master/features/Clients.feature">
            </property>
        </properties>
        <testcase name="Given That there is a bank application browser" classname=";transfering-money-from-one-of-my-accounts-to-an-other-//överforing(lyckas)" time="0.000146999">
        </testcase>
        <testcase name="And I have a account as a client" classname=";transfering-money-from-one-of-my-accounts-to-an-other-//överforing(lyckas)" time="0.000048501">
        </testcase>
        <testcase name="When I log in with my informations" classname=";transfering-money-from-one-of-my-accounts-to-an-other-//överforing(lyckas)" time="7.2421363">
        </testcase>
        <testcase name="Given i have 10K in my löneKonto" classname=";transfering-money-from-one-of-my-accounts-to-an-other-//överforing(lyckas)" time="0.0003202">
        </testcase>
        <testcase name="When i surf to transfermyaccount" classname=";transfering-money-from-one-of-my-accounts-to-an-other-//överforing(lyckas)" time="3.005429">
        </testcase>
        <testcase name="And i chose the sum i want to send" classname=";transfering-money-from-one-of-my-accounts-to-an-other-//överforing(lyckas)" time="0.114659699">
        </testcase>
        <testcase name="And the account that we want to recive the money as Sparingkonto" classname=";transfering-money-from-one-of-my-accounts-to-an-other-//överforing(lyckas)" time="0.163717699">
        </testcase>
        <testcase name="And click on Utför to submit the transaction" classname=";transfering-money-from-one-of-my-accounts-to-an-other-//överforing(lyckas)" time="1.032380199">
        </testcase>
        <testcase name="Then i should be able to see the new balance for the 2 accounts correctly" classname=";transfering-money-from-one-of-my-accounts-to-an-other-//överforing(lyckas)" time="5.1285773">
        </testcase>
    </testsuite>
    <testsuite name=";five-transactions-on-the-start-page-//5transaction(lyckas)" tests="6" failures="0" skipped="0">
        <properties>
            <property name="URI" value="C:/Users/Lenovo/Desktop/EC/New folder/Bank-master/features/Clients.feature">
            </property>
        </properties>
        <testcase name="Given That there is a bank application browser" classname=";five-transactions-on-the-start-page-//5transaction(lyckas)" time="0.0001215">
        </testcase>
        <testcase name="And I have a account as a client" classname=";five-transactions-on-the-start-page-//5transaction(lyckas)" time="0.0000467">
        </testcase>
        <testcase name="When I log in with my informations" classname=";five-transactions-on-the-start-page-//5transaction(lyckas)" time="7.437975999">
        </testcase>
        <testcase name="Given i Repeated the last scenario for 5 times" classname=";five-transactions-on-the-start-page-//5transaction(lyckas)" time="6.701356901">
        </testcase>
        <testcase name="When i surf to my Start page" classname=";five-transactions-on-the-start-page-//5transaction(lyckas)" time="1.9748661">
        </testcase>
        <testcase name="Then I should be able to see my last five transactions for my accounts" classname=";five-transactions-on-the-start-page-//5transaction(lyckas)" time="5.835700399">
        </testcase>
    </testsuite>
    <testsuite name=";10-or-more-transactions-on-my-account-page-//-10-transaction-(lyckas)" tests="8" failures="0" skipped="0">
        <properties>
            <property name="URI" value="C:/Users/Lenovo/Desktop/EC/New folder/Bank-master/features/Clients.feature">
            </property>
        </properties>
        <testcase name="Given That there is a bank application browser" classname=";10-or-more-transactions-on-my-account-page-//-10-transaction-(lyckas)" time="0.000177399">
        </testcase>
        <testcase name="And I have a account as a client" classname=";10-or-more-transactions-on-my-account-page-//-10-transaction-(lyckas)" time="0.0000946">
        </testcase>
        <testcase name="When I log in with my informations" classname=";10-or-more-transactions-on-my-account-page-//-10-transaction-(lyckas)" time="8.2314519">
        </testcase>
        <testcase name="Given i repeated transaction between my accounts for 7 times more" classname=";10-or-more-transactions-on-my-account-page-//-10-transaction-(lyckas)" time="9.3050558">
        </testcase>
        <testcase name="When I am on my account page" classname=";10-or-more-transactions-on-my-account-page-//-10-transaction-(lyckas)" time="1.090605">
        </testcase>
        <testcase name="And i click on my account Lönekonto" classname=";10-or-more-transactions-on-my-account-page-//-10-transaction-(lyckas)" time="2.0599452">
        </testcase>
        <testcase name="And then clicked on the Show more button" classname=";10-or-more-transactions-on-my-account-page-//-10-transaction-(lyckas)" time="0.937494701">
        </testcase>
        <testcase name="Then I should see my last 10 transactions for my accounts" classname=";10-or-more-transactions-on-my-account-page-//-10-transaction-(lyckas)" time="1.9353314">
        </testcase>
    </testsuite>
    <testsuite name=";warninig-massege-when-your-transfer-more-than-30000-//övergränsen-(lyckas)" tests="9" failures="0" skipped="0">
        <properties>
            <property name="URI" value="C:/Users/Lenovo/Desktop/EC/New folder/Bank-master/features/Clients.feature">
            </property>
        </properties>
        <testcase name="Given That there is a bank application browser" classname=";warninig-massege-when-your-transfer-more-than-30000-//övergränsen-(lyckas)" time="0.0000906">
        </testcase>
        <testcase name="And I have a account as a client" classname=";warninig-massege-when-your-transfer-more-than-30000-//övergränsen-(lyckas)" time="0.000049701">
        </testcase>
        <testcase name="When I log in with my informations" classname=";warninig-massege-when-your-transfer-more-than-30000-//övergränsen-(lyckas)" time="7.308423599">
        </testcase>
        <testcase name="Given i have enough money in my Lönekonto" classname=";warninig-massege-when-your-transfer-more-than-30000-//övergränsen-(lyckas)" time="2.1900932">
        </testcase>
        <testcase name="When i surf to Transfer money to another account page" classname=";warninig-massege-when-your-transfer-more-than-30000-//övergränsen-(lyckas)" time="2.10971">
        </testcase>
        <testcase name="And i choose Annat Konot" classname=";warninig-massege-when-your-transfer-more-than-30000-//övergränsen-(lyckas)" time="1.0552067">
        </testcase>
        <testcase name="And i choose the reciver account number" classname=";warninig-massege-when-your-transfer-more-than-30000-//övergränsen-(lyckas)" time="1.374153799">
        </testcase>
        <testcase name="And i a bigger sum than thirty thousends" classname=";warninig-massege-when-your-transfer-more-than-30000-//övergränsen-(lyckas)" time="2.911695">
        </testcase>
        <testcase name="Then transaction should not go through and i should get a warning" classname=";warninig-massege-when-your-transfer-more-than-30000-//övergränsen-(lyckas)" time="1.859936601">
        </testcase>
    </testsuite>
    <testsuite name=";making-a-card-withdraw-//uttag-(lyckas)" tests="9" failures="0" skipped="0">
        <properties>
            <property name="URI" value="C:/Users/Lenovo/Desktop/EC/New folder/Bank-master/features/Clients.feature">
            </property>
        </properties>
        <testcase name="Given That there is a bank application browser" classname=";making-a-card-withdraw-//uttag-(lyckas)" time="0.000126901">
        </testcase>
        <testcase name="And I have a account as a client" classname=";making-a-card-withdraw-//uttag-(lyckas)" time="0.0000592">
        </testcase>
        <testcase name="When I log in with my informations" classname=";making-a-card-withdraw-//uttag-(lyckas)" time="8.174806999">
        </testcase>
        <testcase name="When i Am on the simulating page" classname=";making-a-card-withdraw-//uttag-(lyckas)" time="1.121878899">
        </testcase>
        <testcase name="And i enter the 10 as sum" classname=";making-a-card-withdraw-//uttag-(lyckas)" time="2.0581209">
        </testcase>
        <testcase name="And chose Uttag" classname=";making-a-card-withdraw-//uttag-(lyckas)" time="0.0307047">
        </testcase>
        <testcase name="And submit my transaction" classname=";making-a-card-withdraw-//uttag-(lyckas)" time="0.0006268">
        </testcase>
        <testcase name="When am on the Start page" classname=";making-a-card-withdraw-//uttag-(lyckas)" time="2.027081">
        </testcase>
        <testcase name="Then i can see the new balance of my account" classname=";making-a-card-withdraw-//uttag-(lyckas)" time="2.975359901">
        </testcase>
    </testsuite>
    <testsuite name=";pg-payment" tests="5" failures="0" skipped="0">
        <properties>
            <property name="URI" value="C:/Users/Lenovo/Desktop/EC/New folder/Bank-master/features/Clients.feature">
            </property>
        </properties>
        <testcase name="Given That there is a bank application browser" classname=";pg-payment" time="0.000167201">
        </testcase>
        <testcase name="And I have a account as a client" classname=";pg-payment" time="0.0000891">
        </testcase>
        <testcase name="When I log in with my informations" classname=";pg-payment" time="7.8134948">
        </testcase>
        <testcase name="Given I choose PG payment to account number" classname=";pg-payment" time="11.893603401">
        </testcase>
        <testcase name="Then I should be able to pay the chosen sum" classname=";pg-payment" time="4.3385136">
        </testcase>
    </testsuite>
    <testsuite name=";change-the-name-of-the-account" tests="7" failures="0" skipped="0">
        <properties>
            <property name="URI" value="C:/Users/Lenovo/Desktop/EC/New folder/Bank-master/features/Clients.feature">
            </property>
        </properties>
        <testcase name="Given That there is a bank application browser" classname=";change-the-name-of-the-account" time="0.0001076">
        </testcase>
        <testcase name="And I have a account as a client" classname=";change-the-name-of-the-account" time="0.000051">
        </testcase>
        <testcase name="When I log in with my informations" classname=";change-the-name-of-the-account" time="7.341204399">
        </testcase>
        <testcase name="When i surf to my account" classname=";change-the-name-of-the-account" time="1.0449705">
        </testcase>
        <testcase name="And click on LäggTill" classname=";change-the-name-of-the-account" time="0.015079">
        </testcase>
        <testcase name="And i chose to name the account mynewaccount" classname=";change-the-name-of-the-account" time="2.999791201">
        </testcase>
        <testcase name="Then I should be able to see the new account on the same page" classname=";change-the-name-of-the-account" time="2.883315301">
        </testcase>
    </testsuite>
    <testsuite name=";deleting-an-account-//tabortkonto" tests="6" failures="0" skipped="0">
        <properties>
            <property name="URI" value="C:/Users/Lenovo/Desktop/EC/New folder/Bank-master/features/Clients.feature">
            </property>
        </properties>
        <testcase name="Given That there is a bank application browser" classname=";deleting-an-account-//tabortkonto" time="0.0000906">
        </testcase>
        <testcase name="And I have a account as a client" classname=";deleting-an-account-//tabortkonto" time="0.000054499">
        </testcase>
        <testcase name="When I log in with my informations" classname=";deleting-an-account-//tabortkonto" time="7.4529884">
        </testcase>
        <testcase name="When am on Myaccounts page" classname=";deleting-an-account-//tabortkonto" time="1.976815401">
        </testcase>
        <testcase name="And click on Tabort Konto on the side of my mynewaccount2 account" classname=";deleting-an-account-//tabortkonto" time="2.034182199">
        </testcase>
        <testcase name="Then I should be able to see that the account has been deleted" classname=";deleting-an-account-//tabortkonto" time="7.0317561">
        </testcase>
    </testsuite>
</testsuites>