<?xml version="1.0" encoding="UTF-8"?>
<testsuites>
    <testsuite name=";pg-payment" tests="5" failures="1" skipped="1">
        <properties>
            <property name="URI" value="C:/Users/Lenovo/Desktop/EC/New folder/Bank-master/features/Clients.feature">
            </property>
        </properties>
        <testcase name="Given That there is a bank application browser" classname=";pg-payment" time="0.002702401">
        </testcase>
        <testcase name="And I have a account as a client" classname=";pg-payment" time="0.0001143">
        </testcase>
        <testcase name="When I log in with my informations" classname=";pg-payment" time="7.8134307">
        </testcase>
        <testcase name="Given I choose PG payment to account number" classname=";pg-payment" time="8.798703">
            <failure message="NoSuchAlertError: no such alert">NoSuchAlertError: no such alert
  (Session info: chrome=76.0.3809.132)
  (Driver info: chromedriver=76.0.3809.126 (d80a294506b4c9d18015e755cee48f953ddc3f2f-refs/branch-heads/3809@{#1024}),platform=Windows NT 10.0.17763 x86_64)
    at Object.checkLegacyResponse (C:\Users\Lenovo\Desktop\EC\New folder\Bank-master\node_modules\selenium-webdriver\lib\error.js:529:15)
    at parseHttpResponse (C:\Users\Lenovo\Desktop\EC\New folder\Bank-master\node_modules\selenium-webdriver\lib\http.js:509:13)
    at doSend.then.response (C:\Users\Lenovo\Desktop\EC\New folder\Bank-master\node_modules\selenium-webdriver\lib\http.js:441:30)
    at process._tickCallback (internal/process/next_tick.js:68:7)
From: Task: WebDriver.switchTo().alert()
    at thenableWebDriverProxy.schedule (C:\Users\Lenovo\Desktop\EC\New folder\Bank-master\node_modules\selenium-webdriver\lib\webdriver.js:807:17)
    at TargetLocator.alert (C:\Users\Lenovo\Desktop\EC\New folder\Bank-master\node_modules\selenium-webdriver\lib\webdriver.js:1867:29)
    at createWorld.&lt;anonymous&gt; (C:\Users\Lenovo\Desktop\EC\New folder\Bank-master\step-definitions\SwedenBank.js:682:35)</failure>
        </testcase>
        <testcase name="Then I should be able to pay the chosen sum" classname=";pg-payment">
            <skipped message="">
            </skipped>
        </testcase>
    </testsuite>
</testsuites>