<?xml version="1.0" encoding="UTF-8"?>
<testsuites>
    <testsuite name=";logging-in" tests="6" failures="1" skipped="0">
        <properties>
            <property name="URI" value="C:/Users/javad/Desktop/Bank-master/features/Clients.feature">
            </property>
        </properties>
        <testcase name="Given I navigate to Sweden Bank website" classname=";logging-in" time="4.682679349">
        </testcase>
        <testcase name="When I log in with my information" classname=";logging-in" time="3.249595094">
        </testcase>
        <testcase name="And am logged in as a customer" classname=";logging-in" time="0.000436906">
        </testcase>
        <testcase name="And i click on Mina konto" classname=";logging-in" time="1.046105534">
        </testcase>
        <testcase name="And chose to create a new account with the name SparingKonto" classname=";logging-in" time="2.260211683">
        </testcase>
        <testcase name="Then i should be able to see my 2 accounts" classname=";logging-in" time="1.213901349">
            <failure message="AssertionError: we can not find your new account">AssertionError: we can not find your new account
    at createWorld.&lt;anonymous&gt; (C:\Users\javad\Desktop\Bank-master\step-definitions\SwedenBank.js:105:9)
    at process._tickCallback (internal/process/next_tick.js:68:7)</failure>
        </testcase>
    </testsuite>
    <testsuite name=";puting-in-100k-in-my-lönekonto" tests="7" failures="1" skipped="0">
        <properties>
            <property name="URI" value="C:/Users/javad/Desktop/Bank-master/features/Clients.feature">
            </property>
        </properties>
        <testcase name="Given I navigate to Sweden Bank website1" classname=";puting-in-100k-in-my-lönekonto" time="3.836053282">
        </testcase>
        <testcase name="And I log in with my information1" classname=";puting-in-100k-in-my-lönekonto" time="3.213978718">
        </testcase>
        <testcase name="When i surf to the simulating page" classname=";puting-in-100k-in-my-lönekonto" time="1.123923735">
        </testcase>
        <testcase name="And i enter the right sum" classname=";puting-in-100k-in-my-lönekonto" time="2.042339495">
        </testcase>
        <testcase name="And chose Isättning" classname=";puting-in-100k-in-my-lönekonto" time="0.039339749">
        </testcase>
        <testcase name="And submited my transaction" classname=";puting-in-100k-in-my-lönekonto" time="0.000589369">
        </testcase>
        <testcase name="Then when on the Start page i can see the new balance of my account" classname=";puting-in-100k-in-my-lönekonto" time="1.305945734">
            <failure message="AssertionError: your transaction did not go through">AssertionError: your transaction did not go through
    at createWorld.&lt;anonymous&gt; (C:\Users\javad\Desktop\Bank-master\step-definitions\SwedenBank.js:190:9)
    at process._tickCallback (internal/process/next_tick.js:68:7)</failure>
        </testcase>
    </testsuite>
    <testsuite name=";i-transfer-between-my-accounts" tests="4" failures="0" skipped="0">
        <properties>
            <property name="URI" value="C:/Users/javad/Desktop/Bank-master/features/Clients.feature">
            </property>
        </properties>
        <testcase name="Given I log into my account" classname=";i-transfer-between-my-accounts" time="7.208241482">
        </testcase>
        <testcase name="When i click on Överföringar mina konton" classname=";i-transfer-between-my-accounts" time="2.76702042">
        </testcase>
        <testcase name="And i transfer 100 kr to my other account Sparingkonto" classname=";i-transfer-between-my-accounts" time="1.131410871">
        </testcase>
        <testcase name="Then i should be able to see a correct new balance for both accounts" classname=";i-transfer-between-my-accounts" time="5.877400068">
        </testcase>
    </testsuite>
    <testsuite name=";i-withdraw-cash-from-atm" tests="4" failures="1" skipped="0">
        <properties>
            <property name="URI" value="C:/Users/javad/Desktop/Bank-master/features/Clients.feature">
            </property>
        </properties>
        <testcase name="Given I am logged in as a bank customer" classname=";i-withdraw-cash-from-atm" time="7.306073165">
        </testcase>
        <testcase name="When I visit the simulation page" classname=";i-withdraw-cash-from-atm" time="1.068985075">
        </testcase>
        <testcase name="And i make a 200 kr cash withdrawal" classname=";i-withdraw-cash-from-atm" time="2.054084758">
        </testcase>
        <testcase name="Then I navigate to my online account and here I can see the new balance" classname=";i-withdraw-cash-from-atm" time="0.072145817">
            <failure message="CancellationError: There was an uncaught error in the control flow: StaleElementReferenceError: stale element reference: element is not attached to the page document">CancellationError: There was an uncaught error in the control flow: StaleElementReferenceError: stale element reference: element is not attached to the page document
  (Session info: chrome=76.0.3809.132)
  (Driver info: chromedriver=76.0.3809.126 (d80a294506b4c9d18015e755cee48f953ddc3f2f-refs/branch-heads/3809@{#1024}),platform=Windows NT 10.0.17134 x86_64)
    at Function.wrap (C:\Users\javad\Desktop\Bank-master\node_modules\selenium-webdriver\lib\promise.js:757:14)
    at ManagedPromise.cancel (C:\Users\javad\Desktop\Bank-master\node_modules\selenium-webdriver\lib\promise.js:1273:38)
    at TaskQueue.abort_ (C:\Users\javad\Desktop\Bank-master\node_modules\selenium-webdriver\lib\promise.js:3021:34)
    at ControlFlow.cancelQueues_ (C:\Users\javad\Desktop\Bank-master\node_modules\selenium-webdriver\lib\promise.js:2651:11)
    at ControlFlow.onQueueError_ (C:\Users\javad\Desktop\Bank-master\node_modules\selenium-webdriver\lib\promise.js:2626:10)
    at TaskQueue.emit (C:\Users\javad\Desktop\Bank-master\node_modules\selenium-webdriver\lib\events.js:62:21)
    at TaskQueue.abort_ (C:\Users\javad\Desktop\Bank-master\node_modules\selenium-webdriver\lib\promise.js:3026:12)
    at TaskQueue.processUnhandledRejections_ (C:\Users\javad\Desktop\Bank-master\node_modules\selenium-webdriver\lib\promise.js:3124:12)
    at TaskQueue.executeNext_ (C:\Users\javad\Desktop\Bank-master\node_modules\selenium-webdriver\lib\promise.js:3037:40)
    at asyncRun (C:\Users\javad\Desktop\Bank-master\node_modules\selenium-webdriver\lib\promise.js:2935:27)</failure>
        </testcase>
    </testsuite>
    <testsuite name=";changing-account-name" tests="5" failures="0" skipped="4">
        <properties>
            <property name="URI" value="C:/Users/javad/Desktop/Bank-master/features/Clients.feature">
            </property>
        </properties>
        <testcase name="Given I have a account as a client" classname=";changing-account-name">
        </testcase>
        <testcase name="When i am on Myaccounts page" classname=";changing-account-name">
            <skipped message="">
            </skipped>
        </testcase>
        <testcase name="And click on Bytanamn" classname=";changing-account-name">
            <skipped message="">
            </skipped>
        </testcase>
        <testcase name="And i chose to name the account mynewaccount2" classname=";changing-account-name">
            <skipped message="">
            </skipped>
        </testcase>
        <testcase name="Then I should be able to see the new changes on the same page" classname=";changing-account-name">
            <skipped message="">
            </skipped>
        </testcase>
    </testsuite>
    <testsuite name=";deleting-an-account" tests="4" failures="0" skipped="3">
        <properties>
            <property name="URI" value="C:/Users/javad/Desktop/Bank-master/features/Clients.feature">
            </property>
        </properties>
        <testcase name="Given I have a account as a client" classname=";deleting-an-account">
        </testcase>
        <testcase name="When am on Myaccounts page" classname=";deleting-an-account">
            <skipped message="">
            </skipped>
        </testcase>
        <testcase name="And click on Tabort Konto on the side of my mynewaccount2 account" classname=";deleting-an-account">
            <skipped message="">
            </skipped>
        </testcase>
        <testcase name="Then I should be able to see that the account has been deleted" classname=";deleting-an-account">
            <skipped message="">
            </skipped>
        </testcase>
    </testsuite>
    <testsuite name=";transfering-money-from-one-of-my-accounts-to-an-other" tests="7" failures="0" skipped="6">
        <properties>
            <property name="URI" value="C:/Users/javad/Desktop/Bank-master/features/Clients.feature">
            </property>
        </properties>
        <testcase name="Given I have a account as a client" classname=";transfering-money-from-one-of-my-accounts-to-an-other">
        </testcase>
        <testcase name="And i have 10K in my löneKonto" classname=";transfering-money-from-one-of-my-accounts-to-an-other">
            <skipped message="">
            </skipped>
        </testcase>
        <testcase name="When i surf to transfermyaccount" classname=";transfering-money-from-one-of-my-accounts-to-an-other">
            <skipped message="">
            </skipped>
        </testcase>
        <testcase name="And i chose the sum i want to send" classname=";transfering-money-from-one-of-my-accounts-to-an-other">
            <skipped message="">
            </skipped>
        </testcase>
        <testcase name="And the account that we want to recive the money as Sparingkonto" classname=";transfering-money-from-one-of-my-accounts-to-an-other">
            <skipped message="">
            </skipped>
        </testcase>
        <testcase name="And click on Utför to submit the transaction" classname=";transfering-money-from-one-of-my-accounts-to-an-other">
            <skipped message="">
            </skipped>
        </testcase>
        <testcase name="Then i should be able to see the new balance for the 2 accounts correctly" classname=";transfering-money-from-one-of-my-accounts-to-an-other">
            <skipped message="">
            </skipped>
        </testcase>
    </testsuite>
    <testsuite name=";five-transactions-on-the-start-page" tests="4" failures="0" skipped="3">
        <properties>
            <property name="URI" value="C:/Users/javad/Desktop/Bank-master/features/Clients.feature">
            </property>
        </properties>
        <testcase name="Given I have a account as a client" classname=";five-transactions-on-the-start-page">
        </testcase>
        <testcase name="And i Repeated the last scenario for 5 times" classname=";five-transactions-on-the-start-page">
            <skipped message="">
            </skipped>
        </testcase>
        <testcase name="When i surf to my Start page" classname=";five-transactions-on-the-start-page">
            <skipped message="">
            </skipped>
        </testcase>
        <testcase name="Then I should be able to see my last five transactions for my accounts" classname=";five-transactions-on-the-start-page">
            <skipped message="">
            </skipped>
        </testcase>
    </testsuite>
    <testsuite name=";10-or-more-transactions-on-my-account-page" tests="6" failures="0" skipped="5">
        <properties>
            <property name="URI" value="C:/Users/javad/Desktop/Bank-master/features/Clients.feature">
            </property>
        </properties>
        <testcase name="Given I have a account as a client" classname=";10-or-more-transactions-on-my-account-page">
        </testcase>
        <testcase name="And i repeated transaction between my accounts for 7 times more" classname=";10-or-more-transactions-on-my-account-page">
            <skipped message="">
            </skipped>
        </testcase>
        <testcase name="When I am on my account page" classname=";10-or-more-transactions-on-my-account-page">
            <skipped message="">
            </skipped>
        </testcase>
        <testcase name="And i click on my account Lönekonto" classname=";10-or-more-transactions-on-my-account-page">
            <skipped message="">
            </skipped>
        </testcase>
        <testcase name="And then clicked on the Show more button" classname=";10-or-more-transactions-on-my-account-page">
            <skipped message="">
            </skipped>
        </testcase>
        <testcase name="Then I should see my last 10 transactions for my accounts" classname=";10-or-more-transactions-on-my-account-page">
            <skipped message="">
            </skipped>
        </testcase>
    </testsuite>
    <testsuite name=";warninig-massege-when-your-transfer-more-than-30000" tests="7" failures="0" skipped="6">
        <properties>
            <property name="URI" value="C:/Users/javad/Desktop/Bank-master/features/Clients.feature">
            </property>
        </properties>
        <testcase name="Given I have a account as a client" classname=";warninig-massege-when-your-transfer-more-than-30000">
        </testcase>
        <testcase name="And i have enough money in my Lönekonto" classname=";warninig-massege-when-your-transfer-more-than-30000">
            <skipped message="">
            </skipped>
        </testcase>
        <testcase name="When i surf to Transfer money to another account page" classname=";warninig-massege-when-your-transfer-more-than-30000">
            <skipped message="">
            </skipped>
        </testcase>
        <testcase name="And i choose Annat Konot" classname=";warninig-massege-when-your-transfer-more-than-30000">
            <skipped message="">
            </skipped>
        </testcase>
        <testcase name="And i choose the reciver account number" classname=";warninig-massege-when-your-transfer-more-than-30000">
            <skipped message="">
            </skipped>
        </testcase>
        <testcase name="And i a bigger sum than thirty thousends" classname=";warninig-massege-when-your-transfer-more-than-30000">
            <skipped message="">
            </skipped>
        </testcase>
        <testcase name="Then transaction should not go through and i should get a warning" classname=";warninig-massege-when-your-transfer-more-than-30000">
            <skipped message="">
            </skipped>
        </testcase>
    </testsuite>
    <testsuite name=";making-a-card-withdraw" tests="7" failures="0" skipped="6">
        <properties>
            <property name="URI" value="C:/Users/javad/Desktop/Bank-master/features/Clients.feature">
            </property>
        </properties>
        <testcase name="Given I have a account as a client" classname=";making-a-card-withdraw">
        </testcase>
        <testcase name="When i Am on the simulating page" classname=";making-a-card-withdraw">
            <skipped message="">
            </skipped>
        </testcase>
        <testcase name="And i enter the 10 as sum" classname=";making-a-card-withdraw">
            <skipped message="">
            </skipped>
        </testcase>
        <testcase name="And chose Uttag" classname=";making-a-card-withdraw">
            <skipped message="">
            </skipped>
        </testcase>
        <testcase name="And submit my transaction" classname=";making-a-card-withdraw">
            <skipped message="">
            </skipped>
        </testcase>
        <testcase name="When am on the Start page" classname=";making-a-card-withdraw">
            <skipped message="">
            </skipped>
        </testcase>
        <testcase name="Then i can see the new balance of my account" classname=";making-a-card-withdraw">
            <skipped message="">
            </skipped>
        </testcase>
    </testsuite>
</testsuites>